c:\users\micul\desktop\demos\breakout\x64\release\breakout.ipdb
c:\users\micul\desktop\demos\breakout\x64\release\breakout.iobj
c:\users\micul\desktop\demos\breakout\x64\release\vc142.pdb
c:\users\micul\desktop\demos\breakout\x64\release\glad.obj
c:\users\micul\desktop\demos\breakout\x64\release\text_renderer.obj
c:\users\micul\desktop\demos\breakout\x64\release\texture.obj
c:\users\micul\desktop\demos\breakout\x64\release\sprite_renderer.obj
c:\users\micul\desktop\demos\breakout\x64\release\post_processor.obj
c:\users\micul\desktop\demos\breakout\x64\release\shader.obj
c:\users\micul\desktop\demos\breakout\x64\release\resource_manager.obj
c:\users\micul\desktop\demos\breakout\x64\release\program.obj
c:\users\micul\desktop\demos\breakout\x64\release\particle_generator.obj
c:\users\micul\desktop\demos\breakout\x64\release\game_object.obj
c:\users\micul\desktop\demos\breakout\x64\release\game_level.obj
c:\users\micul\desktop\demos\breakout\x64\release\game.obj
c:\users\micul\desktop\demos\breakout\x64\release\ball_object.obj
c:\users\micul\desktop\demos\breakout\x64\release\stb_image.obj
c:\users\micul\desktop\demos\breakout\x64\release\breakout.exe
c:\users\micul\desktop\demos\breakout\x64\release\breakout.pdb
c:\users\micul\desktop\demos\breakout\x64\release\breakout.tlog\breakout.write.1u.tlog
c:\users\micul\desktop\demos\breakout\x64\release\breakout.tlog\cl.command.1.tlog
c:\users\micul\desktop\demos\breakout\x64\release\breakout.tlog\cl.read.1.tlog
c:\users\micul\desktop\demos\breakout\x64\release\breakout.tlog\cl.write.1.tlog
c:\users\micul\desktop\demos\breakout\x64\release\breakout.tlog\link.command.1.tlog
c:\users\micul\desktop\demos\breakout\x64\release\breakout.tlog\link.read.1.tlog
c:\users\micul\desktop\demos\breakout\x64\release\breakout.tlog\link.write.1.tlog
